# JRE version: Java(TM) SE Runtime Environment (8.0_181-b13) (build 1.8.0_181-b13)
# Java VM: Java HotSpot(TM) 64-Bit Server VM (25.181-b13 mixed mode windows-amd64 compressed oops)
Heap:
 PSYoungGen      total 148480K, used 134109K [0x00000000d5580000, 0x00000000e0080000, 0x0000000100000000)
  eden space 133632K, 89% used [0x00000000d5580000,0x00000000dc9fe950,0x00000000dd800000)
  from space 14848K, 99% used [0x00000000de980000,0x00000000df7f8b78,0x00000000df800000)
  to   space 17920K, 0% used [0x00000000dd800000,0x00000000dd800000,0x00000000de980000)
 ParOldGen       total 87040K, used 20885K [0x0000000080000000, 0x0000000085500000, 0x00000000d5580000)
  object space 87040K, 23% used [0x0000000080000000,0x0000000081465610,0x0000000085500000)
 Metaspace       used 55662K, capacity 57718K, committed 58072K, reserved 1099776K
  class space    used 7591K, capacity 8096K, committed 8192K, reserved 1048576K
GC Heap History (10 events):
Event: 17.432 GC heap before
{Heap before GC invocations=10 (full 1):
 PSYoungGen      total 85504K, used 18810K [0x00000000d5580000, 0x00000000db880000, 0x0000000100000000)
  eden space 74240K, 10% used [0x00000000d5580000,0x00000000d5d64990,0x00000000d9e00000)
  from space 11264K, 95% used [0x00000000daa80000,0x00000000db4fa108,0x00000000db580000)
  to   space 12800K, 0% used [0x00000000d9e00000,0x00000000d9e00000,0x00000000daa80000)
 ParOldGen       total 64512K, used 9442K [0x0000000080000000, 0x0000000083f00000, 0x00000000d5580000)
  object space 64512K, 14% used [0x0000000080000000,0x0000000080938a90,0x0000000083f00000)
 Metaspace       used 34379K, capacity 35274K, committed 35416K, reserved 1079296K
  class space    used 4843K, capacity 5159K, committed 5248K, reserved 1048576K
Event: 17.460 GC heap after
Heap after GC invocations=10 (full 1):
 PSYoungGen      total 87040K, used 9167K [0x00000000d5580000, 0x00000000dd880000, 0x0000000100000000)
  eden space 74240K, 0% used [0x00000000d5580000,0x00000000d5580000,0x00000000d9e00000)
  from space 12800K, 71% used [0x00000000d9e00000,0x00000000da6f3e70,0x00000000daa80000)
  to   space 12800K, 0% used [0x00000000dcc00000,0x00000000dcc00000,0x00000000dd880000)
 ParOldGen       total 64512K, used 9442K [0x0000000080000000, 0x0000000083f00000, 0x00000000d5580000)
  object space 64512K, 14% used [0x0000000080000000,0x0000000080938a90,0x0000000083f00000)
 Metaspace       used 34379K, capacity 35274K, committed 35416K, reserved 1079296K
  class space    used 4843K, capacity 5159K, committed 5248K, reserved 1048576K
}
Event: 17.460 GC heap before
{Heap before GC invocations=11 (full 2):
 PSYoungGen      total 87040K, used 9167K [0x00000000d5580000, 0x00000000dd880000, 0x0000000100000000)
  eden space 74240K, 0% used [0x00000000d5580000,0x00000000d5580000,0x00000000d9e00000)
  from space 12800K, 71% used [0x00000000d9e00000,0x00000000da6f3e70,0x00000000daa80000)
  to   space 12800K, 0% used [0x00000000dcc00000,0x00000000dcc00000,0x00000000dd880000)
 ParOldGen       total 64512K, used 9442K [0x0000000080000000, 0x0000000083f00000, 0x00000000d5580000)
  object space 64512K, 14% used [0x0000000080000000,0x0000000080938a90,0x0000000083f00000)
 Metaspace       used 34379K, capacity 35274K, committed 35416K, reserved 1079296K
  class space    used 4843K, capacity 5159K, committed 5248K, reserved 1048576K
Event: 17.691 GC heap after
Heap after GC invocations=11 (full 2):
 PSYoungGen      total 87040K, used 0K [0x00000000d5580000, 0x00000000dd880000, 0x0000000100000000)
  eden space 74240K, 0% used [0x00000000d5580000,0x00000000d5580000,0x00000000d9e00000)
  from space 12800K, 0% used [0x00000000d9e00000,0x00000000d9e00000,0x00000000daa80000)
  to   space 12800K, 0% used [0x00000000dcc00000,0x00000000dcc00000,0x00000000dd880000)
 ParOldGen       total 87040K, used 15718K [0x0000000080000000, 0x0000000085500000, 0x00000000d5580000)
  object space 87040K, 18% used [0x0000000080000000,0x0000000080f59878,0x0000000085500000)
 Metaspace       used 34379K, capacity 35274K, committed 35416K, reserved 1079296K
  class space    used 4843K, capacity 5159K, committed 5248K, reserved 1048576K
}
Event: 19.399 GC heap before
{Heap before GC invocations=12 (full 2):
 PSYoungGen      total 87040K, used 74240K [0x00000000d5580000, 0x00000000dd880000, 0x0000000100000000)
  eden space 74240K, 100% used [0x00000000d5580000,0x00000000d9e00000,0x00000000d9e00000)
  from space 12800K, 0% used [0x00000000d9e00000,0x00000000d9e00000,0x00000000daa80000)
  to   space 12800K, 0% used [0x00000000dcc00000,0x00000000dcc00000,0x00000000dd880000)
 ParOldGen       total 87040K, used 15718K [0x0000000080000000, 0x0000000085500000, 0x00000000d5580000)
  object space 87040K, 18% used [0x0000000080000000,0x0000000080f59878,0x0000000085500000)
 Metaspace       used 39268K, capacity 40208K, committed 40536K, reserved 1083392K
  class space    used 5419K, capacity 5704K, committed 5760K, reserved 1048576K
Event: 19.415 GC heap after
Heap after GC invocations=12 (full 2):
 PSYoungGen      total 109056K, used 7329K [0x00000000d5580000, 0x00000000dd380000, 0x0000000100000000)
  eden space 101376K, 0% used [0x00000000d5580000,0x00000000d5580000,0x00000000db880000)
  from space 7680K, 95% used [0x00000000dcc00000,0x00000000dd3285f0,0x00000000dd380000)
  to   space 12800K, 0% used [0x00000000dba80000,0x00000000dba80000,0x00000000dc700000)
 ParOldGen       total 87040K, used 15726K [0x0000000080000000, 0x0000000085500000, 0x00000000d5580000)
  object space 87040K, 18% used [0x0000000080000000,0x0000000080f5b878,0x0000000085500000)
 Metaspace       used 39268K, capacity 40208K, committed 40536K, reserved 1083392K
  class space    used 5419K, capacity 5704K, committed 5760K, reserved 1048576K
}
Event: 23.105 GC heap before
{Heap before GC invocations=13 (full 2):
 PSYoungGen      total 109056K, used 108705K [0x00000000d5580000, 0x00000000dd380000, 0x0000000100000000)
  eden space 101376K, 100% used [0x00000000d5580000,0x00000000db880000,0x00000000db880000)
  from space 7680K, 95% used [0x00000000dcc00000,0x00000000dd3285f0,0x00000000dd380000)
  to   space 12800K, 0% used [0x00000000dba80000,0x00000000dba80000,0x00000000dc700000)
 ParOldGen       total 87040K, used 15726K [0x0000000080000000, 0x0000000085500000, 0x00000000d5580000)
  object space 87040K, 18% used [0x0000000080000000,0x0000000080f5b878,0x0000000085500000)
 Metaspace       used 46988K, capacity 48140K, committed 48344K, reserved 1091584K
  class space    used 6505K, capacity 6831K, committed 6912K, reserved 1048576K
Event: 23.156 GC heap after
Heap after GC invocations=13 (full 2):
 PSYoungGen      total 116224K, used 12768K [0x00000000d5580000, 0x00000000df800000, 0x0000000100000000)
  eden space 103424K, 0% used [0x00000000d5580000,0x00000000d5580000,0x00000000dba80000)
  from space 12800K, 99% used [0x00000000dba80000,0x00000000dc6f82c0,0x00000000dc700000)
  to   space 14848K, 0% used [0x00000000de980000,0x00000000de980000,0x00000000df800000)
 ParOldGen       total 87040K, used 18149K [0x0000000080000000, 0x0000000085500000, 0x00000000d5580000)
  object space 87040K, 20% used [0x0000000080000000,0x00000000811b94d8,0x0000000085500000)
 Metaspace       used 46988K, capacity 48140K, committed 48344K, reserved 1091584K
  class space    used 6505K, capacity 6831K, committed 6912K, reserved 1048576K
}
Event: 25.870 GC heap before
{Heap before GC invocations=14 (full 2):
 PSYoungGen      total 116224K, used 116192K [0x00000000d5580000, 0x00000000df800000, 0x0000000100000000)
  eden space 103424K, 100% used [0x00000000d5580000,0x00000000dba80000,0x00000000dba80000)
  from space 12800K, 99% used [0x00000000dba80000,0x00000000dc6f82c0,0x00000000dc700000)
  to   space 14848K, 0% used [0x00000000de980000,0x00000000de980000,0x00000000df800000)
 ParOldGen       total 87040K, used 18149K [0x0000000080000000, 0x0000000085500000, 0x00000000d5580000)
  object space 87040K, 20% used [0x0000000080000000,0x00000000811b94d8,0x0000000085500000)
 Metaspace       used 48668K, capacity 49944K, committed 50008K, reserved 1091584K
  class space    used 6670K, capacity 7025K, committed 7040K, reserved 1048576K
Event: 25.925 GC heap after
Heap after GC invocations=14 (full 2):
 PSYoungGen      total 148480K, used 14818K [0x00000000d5580000, 0x00000000e0080000, 0x0000000100000000)
  eden space 133632K, 0% used [0x00000000d5580000,0x00000000d5580000,0x00000000dd800000)
  from space 14848K, 99% used [0x00000000de980000,0x00000000df7f8b78,0x00000000df800000)
  to   space 17920K, 0% used [0x00000000dd800000,0x00000000dd800000,0x00000000de980000)
 ParOldGen       total 87040K, used 20885K [0x0000000080000000, 0x0000000085500000, 0x00000000d5580000)
  object space 87040K, 23% used [0x0000000080000000,0x0000000081465610,0x0000000085500000)
 Metaspace       used 48668K, capacity 49944K, committed 50008K, reserved 1091584K
  class space    used 6670K, capacity 7025K, committed 7040K, reserved 1048576K
}

